c:\users\derek\desktop\semester 5\fundementals of algorithms\ricwis-2a\eece2560-project2\ricwis-2a\debug\ricwis-2a.pch
c:\users\derek\desktop\semester 5\fundementals of algorithms\ricwis-2a\eece2560-project2\ricwis-2a\debug\vc120.pdb
c:\users\derek\desktop\semester 5\fundementals of algorithms\ricwis-2a\eece2560-project2\ricwis-2a\debug\vc120.idb
c:\users\derek\desktop\semester 5\fundementals of algorithms\ricwis-2a\eece2560-project2\ricwis-2a\debug\stdafx.obj
c:\users\derek\desktop\semester 5\fundementals of algorithms\ricwis-2a\eece2560-project2\ricwis-2a\debug\grid.obj
c:\users\derek\desktop\semester 5\fundementals of algorithms\ricwis-2a\eece2560-project2\ricwis-2a\debug\ricwis-2a.obj
c:\users\derek\desktop\semester 5\fundementals of algorithms\ricwis-2a\eece2560-project2\ricwis-2a\debug\common.obj
c:\users\derek\desktop\semester 5\fundementals of algorithms\ricwis-2a\eece2560-project2\ricwis-2a\debug\wordlist.obj
c:\users\derek\desktop\semester 5\fundementals of algorithms\ricwis-2a\eece2560-project2\debug\ricwis-2a.pdb
c:\users\derek\desktop\semester 5\fundementals of algorithms\ricwis-2a\eece2560-project2\ricwis-2a\debug\ricwis-2a.tlog\cl.command.1.tlog
c:\users\derek\desktop\semester 5\fundementals of algorithms\ricwis-2a\eece2560-project2\ricwis-2a\debug\ricwis-2a.tlog\cl.read.1.tlog
c:\users\derek\desktop\semester 5\fundementals of algorithms\ricwis-2a\eece2560-project2\ricwis-2a\debug\ricwis-2a.tlog\cl.write.1.tlog
c:\users\derek\desktop\semester 5\fundementals of algorithms\ricwis-2a\eece2560-project2\ricwis-2a\debug\ricwis-2a.tlog\link.1012-cvtres.read.1.tlog
c:\users\derek\desktop\semester 5\fundementals of algorithms\ricwis-2a\eece2560-project2\ricwis-2a\debug\ricwis-2a.tlog\link.1012-cvtres.write.1.tlog
c:\users\derek\desktop\semester 5\fundementals of algorithms\ricwis-2a\eece2560-project2\ricwis-2a\debug\ricwis-2a.tlog\link.1012-rc.read.1.tlog
c:\users\derek\desktop\semester 5\fundementals of algorithms\ricwis-2a\eece2560-project2\ricwis-2a\debug\ricwis-2a.tlog\link.1012-rc.write.1.tlog
c:\users\derek\desktop\semester 5\fundementals of algorithms\ricwis-2a\eece2560-project2\ricwis-2a\debug\ricwis-2a.tlog\link.1012.read.1.tlog
c:\users\derek\desktop\semester 5\fundementals of algorithms\ricwis-2a\eece2560-project2\ricwis-2a\debug\ricwis-2a.tlog\link.1012.write.1.tlog
c:\users\derek\desktop\semester 5\fundementals of algorithms\ricwis-2a\eece2560-project2\ricwis-2a\debug\ricwis-2a.tlog\link.command.1.tlog
c:\users\derek\desktop\semester 5\fundementals of algorithms\ricwis-2a\eece2560-project2\ricwis-2a\debug\ricwis-2a.tlog\link.read.1.tlog
c:\users\derek\desktop\semester 5\fundementals of algorithms\ricwis-2a\eece2560-project2\ricwis-2a\debug\ricwis-2a.tlog\link.write.1.tlog
